app/build/intermediates/manifest_merge_blame_file/debug/manifest-merger-blame-debug-report.txt
1<?xml version="1.0" encoding="utf-8"?>
2<manifest xmlns:android="http://schemas.android.com/apk/res/android"
3    package="com.example.labstock"
4    android:versionCode="1"
5    android:versionName="1.0" >
6
7    <uses-sdk
8        android:minSdkVersion="21"
8-->src\main\AndroidManifest.xml
9        android:targetSdkVersion="30" />
9-->src\main\AndroidManifest.xml
10
11    <uses-permission android:name="android.permission.ACCESS_NETWORK_STATE" />
11-->[com.firebaseui:firebase-ui-auth:4.3.2] AndroidManifest.xml:12:5-79
11-->[com.firebaseui:firebase-ui-auth:4.3.2] AndroidManifest.xml:12:22-76
12    <uses-permission android:name="android.permission.INTERNET" />
12-->[com.firebaseui:firebase-ui-auth:4.3.2] AndroidManifest.xml:13:5-67
12-->[com.firebaseui:firebase-ui-auth:4.3.2] AndroidManifest.xml:13:22-64
13    <uses-permission android:name="android.permission.WAKE_LOCK" />
13-->[androidx.work:work-runtime:2.3.4] AndroidManifest.xml:25:5-68
13-->[androidx.work:work-runtime:2.3.4] AndroidManifest.xml:25:22-65
14    <uses-permission android:name="android.permission.RECEIVE_BOOT_COMPLETED" />
14-->[androidx.work:work-runtime:2.3.4] AndroidManifest.xml:27:5-81
14-->[androidx.work:work-runtime:2.3.4] AndroidManifest.xml:27:22-78
15    <uses-permission android:name="android.permission.FOREGROUND_SERVICE" /> <!-- Required by older versions of Google Play services to create IID tokens -->
15-->[androidx.work:work-runtime:2.3.4] AndroidManifest.xml:28:5-77
15-->[androidx.work:work-runtime:2.3.4] AndroidManifest.xml:28:22-74
16    <uses-permission android:name="com.google.android.c2dm.permission.RECEIVE" />
16-->[com.google.firebase:firebase-iid:21.0.1] AndroidManifest.xml:26:5-82
16-->[com.google.firebase:firebase-iid:21.0.1] AndroidManifest.xml:26:22-79
17    <uses-permission android:name="com.google.android.finsky.permission.BIND_GET_INSTALL_REFERRER_SERVICE" />
17-->[com.google.android.gms:play-services-measurement:18.0.0] AndroidManifest.xml:26:5-110
17-->[com.google.android.gms:play-services-measurement:18.0.0] AndroidManifest.xml:26:22-107
18
19    <application
19-->src\main\AndroidManifest.xml:5:5-36:19
20        android:allowBackup="true"
20-->src\main\AndroidManifest.xml:6:9-35
21        android:appComponentFactory="androidx.core.app.CoreComponentFactory"
21-->[androidx.core:core:1.3.1] AndroidManifest.xml:24:18-86
22        android:debuggable="true"
23        android:icon="@mipmap/ic_launcher"
23-->src\main\AndroidManifest.xml:7:9-43
24        android:label="@string/app_name"
24-->src\main\AndroidManifest.xml:8:9-41
25        android:roundIcon="@mipmap/ic_launcher_round"
25-->src\main\AndroidManifest.xml:9:9-54
26        android:supportsRtl="true"
26-->src\main\AndroidManifest.xml:10:9-35
27        android:testOnly="true"
28        android:theme="@style/Theme.LabStock" >
28-->src\main\AndroidManifest.xml:11:9-46
29        <activity android:name="com.example.labstock.PerfilActivity" />
29-->src\main\AndroidManifest.xml:12:9-61
29-->src\main\AndroidManifest.xml:12:19-49
30        <activity android:name="com.example.labstock.PrestarEquipoActivity" />
30-->src\main\AndroidManifest.xml:13:9-59
30-->src\main\AndroidManifest.xml:13:19-56
31        <activity android:name="com.example.labstock.registro_laboratorio" />
31-->src\main\AndroidManifest.xml:14:9-58
31-->src\main\AndroidManifest.xml:14:19-55
32        <activity android:name="com.example.labstock.EquipoActivity" />
32-->src\main\AndroidManifest.xml:15:9-52
32-->src\main\AndroidManifest.xml:15:19-49
33        <activity android:name="com.example.labstock.EquiposActivity" />
33-->src\main\AndroidManifest.xml:16:9-53
33-->src\main\AndroidManifest.xml:16:19-50
34        <activity android:name="com.example.labstock.LaboratoriosActivity" />
34-->src\main\AndroidManifest.xml:17:9-58
34-->src\main\AndroidManifest.xml:17:19-55
35        <activity android:name="com.example.labstock.LoginActivity" />
35-->src\main\AndroidManifest.xml:18:9-51
35-->src\main\AndroidManifest.xml:18:19-48
36        <activity android:name="com.example.labstock.MenuActivity" />
36-->src\main\AndroidManifest.xml:19:9-50
36-->src\main\AndroidManifest.xml:19:19-47
37        <activity android:name="com.example.labstock.registroEquipo" />
37-->src\main\AndroidManifest.xml:20:9-52
37-->src\main\AndroidManifest.xml:20:19-49
38        <activity
38-->src\main\AndroidManifest.xml:21:9-29:20
39            android:name="com.example.labstock.MainActivity"
39-->src\main\AndroidManifest.xml:22:13-41
40            android:theme="@style/splashScreenTheme" >
40-->src\main\AndroidManifest.xml:23:13-53
41            <intent-filter>
41-->src\main\AndroidManifest.xml:24:13-28:29
42                <action android:name="android.intent.action.MAIN" />
42-->src\main\AndroidManifest.xml:25:17-69
42-->src\main\AndroidManifest.xml:25:25-66
43
44                <category android:name="android.intent.category.LAUNCHER" />
44-->src\main\AndroidManifest.xml:27:17-77
44-->src\main\AndroidManifest.xml:27:27-74
45            </intent-filter>
46        </activity>
47
48        <service android:name="com.example.labstock.MyFirebaseMessagingService" >
48-->src\main\AndroidManifest.xml:31:9-35:19
48-->src\main\AndroidManifest.xml:31:18-60
49            <intent-filter>
49-->src\main\AndroidManifest.xml:32:13-34:29
50                <action android:name="com.google.firebase.MESSAGING_EVENT" />
50-->src\main\AndroidManifest.xml:33:17-78
50-->src\main\AndroidManifest.xml:33:25-75
51            </intent-filter>
52        </service>
53
54        <meta-data
54-->[com.firebaseui:firebase-ui-auth:4.3.2] AndroidManifest.xml:16:9-18:69
55            android:name="com.google.android.gms.version"
55-->[com.firebaseui:firebase-ui-auth:4.3.2] AndroidManifest.xml:17:13-58
56            android:value="@integer/google_play_services_version" />
56-->[com.firebaseui:firebase-ui-auth:4.3.2] AndroidManifest.xml:18:13-66
57        <meta-data
57-->[com.firebaseui:firebase-ui-auth:4.3.2] AndroidManifest.xml:19:9-21:63
58            android:name="com.facebook.sdk.ApplicationId"
58-->[com.firebaseui:firebase-ui-auth:4.3.2] AndroidManifest.xml:20:13-58
59            android:value="@string/facebook_application_id" />
59-->[com.firebaseui:firebase-ui-auth:4.3.2] AndroidManifest.xml:21:13-60
60
61        <activity
61-->[com.firebaseui:firebase-ui-auth:4.3.2] AndroidManifest.xml:23:9-27:61
62            android:name="com.firebase.ui.auth.KickoffActivity"
62-->[com.firebaseui:firebase-ui-auth:4.3.2] AndroidManifest.xml:24:13-64
63            android:exported="false"
63-->[com.firebaseui:firebase-ui-auth:4.3.2] AndroidManifest.xml:25:13-37
64            android:label=""
64-->[com.firebaseui:firebase-ui-auth:4.3.2] AndroidManifest.xml:26:13-29
65            android:theme="@style/FirebaseUI.Transparent" />
65-->[com.firebaseui:firebase-ui-auth:4.3.2] AndroidManifest.xml:27:13-58
66        <activity
66-->[com.firebaseui:firebase-ui-auth:4.3.2] AndroidManifest.xml:28:9-32:61
67            android:name="com.firebase.ui.auth.ui.idp.SingleSignInActivity"
67-->[com.firebaseui:firebase-ui-auth:4.3.2] AndroidManifest.xml:29:13-76
68            android:exported="false"
68-->[com.firebaseui:firebase-ui-auth:4.3.2] AndroidManifest.xml:30:13-37
69            android:label=""
69-->[com.firebaseui:firebase-ui-auth:4.3.2] AndroidManifest.xml:31:13-29
70            android:theme="@style/FirebaseUI.Transparent" />
70-->[com.firebaseui:firebase-ui-auth:4.3.2] AndroidManifest.xml:32:13-58
71        <activity
71-->[com.firebaseui:firebase-ui-auth:4.3.2] AndroidManifest.xml:33:9-37:61
72            android:name="com.firebase.ui.auth.ui.credentials.CredentialSaveActivity"
72-->[com.firebaseui:firebase-ui-auth:4.3.2] AndroidManifest.xml:34:13-86
73            android:exported="false"
73-->[com.firebaseui:firebase-ui-auth:4.3.2] AndroidManifest.xml:35:13-37
74            android:label=""
74-->[com.firebaseui:firebase-ui-auth:4.3.2] AndroidManifest.xml:36:13-29
75            android:theme="@style/FirebaseUI.Transparent" />
75-->[com.firebaseui:firebase-ui-auth:4.3.2] AndroidManifest.xml:37:13-58
76        <activity
76-->[com.firebaseui:firebase-ui-auth:4.3.2] AndroidManifest.xml:38:9-42:58
77            android:name="com.firebase.ui.auth.ui.email.RecoverPasswordActivity"
77-->[com.firebaseui:firebase-ui-auth:4.3.2] AndroidManifest.xml:39:13-81
78            android:exported="false"
78-->[com.firebaseui:firebase-ui-auth:4.3.2] AndroidManifest.xml:40:13-37
79            android:label="@string/fui_title_recover_password_activity"
79-->[com.firebaseui:firebase-ui-auth:4.3.2] AndroidManifest.xml:41:13-72
80            android:windowSoftInputMode="adjustResize" />
80-->[com.firebaseui:firebase-ui-auth:4.3.2] AndroidManifest.xml:42:13-55
81        <activity
81-->[com.firebaseui:firebase-ui-auth:4.3.2] AndroidManifest.xml:43:9-47:58
82            android:name="com.firebase.ui.auth.ui.email.EmailActivity"
82-->[com.firebaseui:firebase-ui-auth:4.3.2] AndroidManifest.xml:44:13-71
83            android:exported="false"
83-->[com.firebaseui:firebase-ui-auth:4.3.2] AndroidManifest.xml:45:13-37
84            android:label="@string/fui_sign_in_default"
84-->[com.firebaseui:firebase-ui-auth:4.3.2] AndroidManifest.xml:46:13-56
85            android:windowSoftInputMode="adjustResize" />
85-->[com.firebaseui:firebase-ui-auth:4.3.2] AndroidManifest.xml:47:13-55
86        <activity
86-->[com.firebaseui:firebase-ui-auth:4.3.2] AndroidManifest.xml:48:9-52:77
87            android:name="com.firebase.ui.auth.ui.phone.PhoneActivity"
87-->[com.firebaseui:firebase-ui-auth:4.3.2] AndroidManifest.xml:49:13-71
88            android:exported="false"
88-->[com.firebaseui:firebase-ui-auth:4.3.2] AndroidManifest.xml:50:13-37
89            android:label="@string/fui_sign_in_with_phone_number"
89-->[com.firebaseui:firebase-ui-auth:4.3.2] AndroidManifest.xml:51:13-66
90            android:windowSoftInputMode="adjustResize|stateAlwaysVisible" />
90-->[com.firebaseui:firebase-ui-auth:4.3.2] AndroidManifest.xml:52:13-74
91        <activity
91-->[com.firebaseui:firebase-ui-auth:4.3.2] AndroidManifest.xml:53:9-57:58
92            android:name="com.firebase.ui.auth.ui.idp.WelcomeBackIdpPrompt"
92-->[com.firebaseui:firebase-ui-auth:4.3.2] AndroidManifest.xml:54:13-76
93            android:exported="false"
93-->[com.firebaseui:firebase-ui-auth:4.3.2] AndroidManifest.xml:55:13-37
94            android:label="@string/fui_title_welcome_back_idp_prompt"
94-->[com.firebaseui:firebase-ui-auth:4.3.2] AndroidManifest.xml:56:13-70
95            android:windowSoftInputMode="adjustResize" />
95-->[com.firebaseui:firebase-ui-auth:4.3.2] AndroidManifest.xml:57:13-55
96        <activity
96-->[com.firebaseui:firebase-ui-auth:4.3.2] AndroidManifest.xml:58:9-62:58
97            android:name="com.firebase.ui.auth.ui.email.WelcomeBackPasswordPrompt"
97-->[com.firebaseui:firebase-ui-auth:4.3.2] AndroidManifest.xml:59:13-83
98            android:exported="false"
98-->[com.firebaseui:firebase-ui-auth:4.3.2] AndroidManifest.xml:60:13-37
99            android:label="@string/fui_title_welcome_back_password_prompt"
99-->[com.firebaseui:firebase-ui-auth:4.3.2] AndroidManifest.xml:61:13-75
100            android:windowSoftInputMode="adjustResize" />
100-->[com.firebaseui:firebase-ui-auth:4.3.2] AndroidManifest.xml:62:13-55
101        <activity
101-->[com.firebaseui:firebase-ui-auth:4.3.2] AndroidManifest.xml:63:9-67:58
102            android:name="com.firebase.ui.auth.ui.email.WelcomeBackEmailLinkPrompt"
102-->[com.firebaseui:firebase-ui-auth:4.3.2] AndroidManifest.xml:64:13-84
103            android:exported="false"
103-->[com.firebaseui:firebase-ui-auth:4.3.2] AndroidManifest.xml:65:13-37
104            android:label="@string/fui_title_welcome_back_password_prompt"
104-->[com.firebaseui:firebase-ui-auth:4.3.2] AndroidManifest.xml:66:13-75
105            android:windowSoftInputMode="adjustResize" />
105-->[com.firebaseui:firebase-ui-auth:4.3.2] AndroidManifest.xml:67:13-55
106        <activity
106-->[com.firebaseui:firebase-ui-auth:4.3.2] AndroidManifest.xml:68:9-73:58
107            android:name="com.firebase.ui.auth.ui.email.EmailLinkCatcherActivity"
107-->[com.firebaseui:firebase-ui-auth:4.3.2] AndroidManifest.xml:69:13-82
108            android:exported="false"
108-->[com.firebaseui:firebase-ui-auth:4.3.2] AndroidManifest.xml:70:13-37
109            android:label=""
109-->[com.firebaseui:firebase-ui-auth:4.3.2] AndroidManifest.xml:71:13-29
110            android:theme="@style/FirebaseUI.Transparent"
110-->[com.firebaseui:firebase-ui-auth:4.3.2] AndroidManifest.xml:72:13-58
111            android:windowSoftInputMode="adjustResize" />
111-->[com.firebaseui:firebase-ui-auth:4.3.2] AndroidManifest.xml:73:13-55
112        <activity
112-->[com.firebaseui:firebase-ui-auth:4.3.2] AndroidManifest.xml:74:9-78:58
113            android:name="com.firebase.ui.auth.ui.email.EmailLinkErrorRecoveryActivity"
113-->[com.firebaseui:firebase-ui-auth:4.3.2] AndroidManifest.xml:75:13-88
114            android:exported="false"
114-->[com.firebaseui:firebase-ui-auth:4.3.2] AndroidManifest.xml:76:13-37
115            android:label="@string/fui_sign_in_default"
115-->[com.firebaseui:firebase-ui-auth:4.3.2] AndroidManifest.xml:77:13-56
116            android:windowSoftInputMode="adjustResize" />
116-->[com.firebaseui:firebase-ui-auth:4.3.2] AndroidManifest.xml:78:13-55
117        <activity
117-->[com.firebaseui:firebase-ui-auth:4.3.2] AndroidManifest.xml:79:9-82:65
118            android:name="com.firebase.ui.auth.ui.idp.AuthMethodPickerActivity"
118-->[com.firebaseui:firebase-ui-auth:4.3.2] AndroidManifest.xml:80:13-80
119            android:exported="false"
119-->[com.firebaseui:firebase-ui-auth:4.3.2] AndroidManifest.xml:81:13-37
120            android:label="@string/fui_default_toolbar_title" />
120-->[com.firebaseui:firebase-ui-auth:4.3.2] AndroidManifest.xml:82:13-62
121        <activity
121-->[com.firebaseui:firebase-ui-auth:4.3.2] AndroidManifest.xml:83:9-87:48
122            android:name="com.facebook.FacebookActivity"
122-->[com.firebaseui:firebase-ui-auth:4.3.2] AndroidManifest.xml:84:13-57
123            android:configChanges="keyboard|keyboardHidden|screenLayout|screenSize|orientation"
123-->[com.firebaseui:firebase-ui-auth:4.3.2] AndroidManifest.xml:85:13-96
124            android:label="@string/app_name" />
124-->[com.firebaseui:firebase-ui-auth:4.3.2] AndroidManifest.xml:86:13-45
125        <activity
125-->[com.firebaseui:firebase-ui-auth:4.3.2] AndroidManifest.xml:88:9-100:20
126            android:name="com.facebook.CustomTabActivity"
126-->[com.firebaseui:firebase-ui-auth:4.3.2] AndroidManifest.xml:89:13-58
127            android:exported="true" >
127-->[com.firebaseui:firebase-ui-auth:4.3.2] AndroidManifest.xml:90:13-36
128            <intent-filter>
128-->[com.firebaseui:firebase-ui-auth:4.3.2] AndroidManifest.xml:92:13-99:29
129                <action android:name="android.intent.action.VIEW" />
129-->[com.firebaseui:firebase-ui-auth:4.3.2] AndroidManifest.xml:93:17-69
129-->[com.firebaseui:firebase-ui-auth:4.3.2] AndroidManifest.xml:93:25-66
130
131                <category android:name="android.intent.category.DEFAULT" />
131-->[com.firebaseui:firebase-ui-auth:4.3.2] AndroidManifest.xml:95:17-76
131-->[com.firebaseui:firebase-ui-auth:4.3.2] AndroidManifest.xml:95:27-73
132                <category android:name="android.intent.category.BROWSABLE" />
132-->[com.firebaseui:firebase-ui-auth:4.3.2] AndroidManifest.xml:96:17-78
132-->[com.firebaseui:firebase-ui-auth:4.3.2] AndroidManifest.xml:96:27-75
133
134                <data android:scheme="@string/facebook_login_protocol_scheme" />
134-->[com.firebaseui:firebase-ui-auth:4.3.2] AndroidManifest.xml:98:17-81
134-->[com.firebaseui:firebase-ui-auth:4.3.2] AndroidManifest.xml:98:23-78
135            </intent-filter>
136        </activity>
137
138        <provider
138-->[com.firebaseui:firebase-ui-auth:4.3.2] AndroidManifest.xml:102:9-106:38
139            android:name="com.firebase.ui.auth.data.client.AuthUiInitProvider"
139-->[com.firebaseui:firebase-ui-auth:4.3.2] AndroidManifest.xml:103:13-79
140            android:authorities="com.example.labstock.authuiinitprovider"
140-->[com.firebaseui:firebase-ui-auth:4.3.2] AndroidManifest.xml:104:13-70
141            android:exported="false"
141-->[com.firebaseui:firebase-ui-auth:4.3.2] AndroidManifest.xml:105:13-37
142            android:initOrder="90" />
142-->[com.firebaseui:firebase-ui-auth:4.3.2] AndroidManifest.xml:106:13-35
143        <!--
144             FirebaseMessagingService performs security checks at runtime,
145             but set to not exported to explicitly avoid allowing another app to call it.
146        -->
147        <service
147-->[com.google.firebase:firebase-messaging:21.0.1] AndroidManifest.xml:28:9-35:19
148            android:name="com.google.firebase.messaging.FirebaseMessagingService"
148-->[com.google.firebase:firebase-messaging:21.0.1] AndroidManifest.xml:29:13-82
149            android:directBootAware="true"
149-->[com.google.firebase:firebase-messaging:21.0.1] AndroidManifest.xml:30:13-43
150            android:exported="false" >
150-->[com.google.firebase:firebase-messaging:21.0.1] AndroidManifest.xml:31:13-37
151            <intent-filter android:priority="-500" >
151-->src\main\AndroidManifest.xml:32:13-34:29
152                <action android:name="com.google.firebase.MESSAGING_EVENT" />
152-->src\main\AndroidManifest.xml:33:17-78
152-->src\main\AndroidManifest.xml:33:25-75
153            </intent-filter>
154        </service>
155        <service
155-->[com.google.firebase:firebase-messaging:21.0.1] AndroidManifest.xml:36:9-42:19
156            android:name="com.google.firebase.components.ComponentDiscoveryService"
156-->[com.google.firebase:firebase-messaging:21.0.1] AndroidManifest.xml:37:13-84
157            android:directBootAware="true"
157-->[com.google.firebase:firebase-common:19.5.0] AndroidManifest.xml:35:13-43
158            android:exported="false" >
158-->[com.google.firebase:firebase-messaging:21.0.1] AndroidManifest.xml:38:13-37
159            <meta-data
159-->[com.google.firebase:firebase-messaging:21.0.1] AndroidManifest.xml:39:13-41:85
160                android:name="com.google.firebase.components:com.google.firebase.messaging.FirebaseMessagingRegistrar"
160-->[com.google.firebase:firebase-messaging:21.0.1] AndroidManifest.xml:40:17-119
161                android:value="com.google.firebase.components.ComponentRegistrar" />
161-->[com.google.firebase:firebase-messaging:21.0.1] AndroidManifest.xml:41:17-82
162            <meta-data
162-->[com.google.firebase:firebase-auth:20.0.1] AndroidManifest.xml:77:13-79:85
163                android:name="com.google.firebase.components:com.google.firebase.auth.FirebaseAuthRegistrar"
163-->[com.google.firebase:firebase-auth:20.0.1] AndroidManifest.xml:78:17-109
164                android:value="com.google.firebase.components.ComponentRegistrar" />
164-->[com.google.firebase:firebase-auth:20.0.1] AndroidManifest.xml:79:17-82
165            <meta-data
165-->[com.google.firebase:firebase-database:19.5.1] AndroidManifest.xml:32:13-34:85
166                android:name="com.google.firebase.components:com.google.firebase.database.DatabaseRegistrar"
166-->[com.google.firebase:firebase-database:19.5.1] AndroidManifest.xml:33:17-109
167                android:value="com.google.firebase.components.ComponentRegistrar" />
167-->[com.google.firebase:firebase-database:19.5.1] AndroidManifest.xml:34:17-82
168            <meta-data
168-->[com.google.firebase:firebase-datatransport:17.0.10] AndroidManifest.xml:28:13-30:85
169                android:name="com.google.firebase.components:com.google.firebase.datatransport.TransportRegistrar"
169-->[com.google.firebase:firebase-datatransport:17.0.10] AndroidManifest.xml:29:17-115
170                android:value="com.google.firebase.components.ComponentRegistrar" />
170-->[com.google.firebase:firebase-datatransport:17.0.10] AndroidManifest.xml:30:17-82
171            <meta-data
171-->[com.google.firebase:firebase-iid:21.0.1] AndroidManifest.xml:32:13-34:85
172                android:name="com.google.firebase.components:com.google.firebase.iid.Registrar"
172-->[com.google.firebase:firebase-iid:21.0.1] AndroidManifest.xml:33:17-96
173                android:value="com.google.firebase.components.ComponentRegistrar" />
173-->[com.google.firebase:firebase-iid:21.0.1] AndroidManifest.xml:34:17-82
174            <meta-data
174-->[com.google.android.gms:play-services-measurement-api:18.0.0] AndroidManifest.xml:30:13-32:85
175                android:name="com.google.firebase.components:com.google.firebase.analytics.connector.internal.AnalyticsConnectorRegistrar"
175-->[com.google.android.gms:play-services-measurement-api:18.0.0] AndroidManifest.xml:31:17-139
176                android:value="com.google.firebase.components.ComponentRegistrar" />
176-->[com.google.android.gms:play-services-measurement-api:18.0.0] AndroidManifest.xml:32:17-82
177            <meta-data
177-->[com.google.firebase:firebase-installations:16.3.5] AndroidManifest.xml:18:13-20:85
178                android:name="com.google.firebase.components:com.google.firebase.installations.FirebaseInstallationsRegistrar"
178-->[com.google.firebase:firebase-installations:16.3.5] AndroidManifest.xml:19:17-127
179                android:value="com.google.firebase.components.ComponentRegistrar" />
179-->[com.google.firebase:firebase-installations:16.3.5] AndroidManifest.xml:20:17-82
180            <!--
181                This registrar is not defined in the dynamic-module-support sdk itself to allow non-firebase
182                clients to use it as well, by defining this registrar in their own core/common library.
183            -->
184            <meta-data
184-->[com.google.firebase:firebase-common:19.5.0] AndroidManifest.xml:43:13-45:85
185                android:name="com.google.firebase.components:com.google.firebase.dynamicloading.DynamicLoadingRegistrar"
185-->[com.google.firebase:firebase-common:19.5.0] AndroidManifest.xml:44:17-121
186                android:value="com.google.firebase.components.ComponentRegistrar" />
186-->[com.google.firebase:firebase-common:19.5.0] AndroidManifest.xml:45:17-82
187        </service>
188
189        <provider
189-->[androidx.work:work-runtime:2.3.4] AndroidManifest.xml:31:9-37:35
190            android:name="androidx.work.impl.WorkManagerInitializer"
190-->[androidx.work:work-runtime:2.3.4] AndroidManifest.xml:32:13-69
191            android:authorities="com.example.labstock.workmanager-init"
191-->[androidx.work:work-runtime:2.3.4] AndroidManifest.xml:33:13-68
192            android:directBootAware="false"
192-->[androidx.work:work-runtime:2.3.4] AndroidManifest.xml:34:13-44
193            android:exported="false"
193-->[androidx.work:work-runtime:2.3.4] AndroidManifest.xml:35:13-37
194            android:multiprocess="true" />
194-->[androidx.work:work-runtime:2.3.4] AndroidManifest.xml:36:13-40
195
196        <service
196-->[androidx.work:work-runtime:2.3.4] AndroidManifest.xml:39:9-44:35
197            android:name="androidx.work.impl.background.systemalarm.SystemAlarmService"
197-->[androidx.work:work-runtime:2.3.4] AndroidManifest.xml:40:13-88
198            android:directBootAware="false"
198-->[androidx.work:work-runtime:2.3.4] AndroidManifest.xml:41:13-44
199            android:enabled="@bool/enable_system_alarm_service_default"
199-->[androidx.work:work-runtime:2.3.4] AndroidManifest.xml:42:13-72
200            android:exported="false" />
200-->[androidx.work:work-runtime:2.3.4] AndroidManifest.xml:43:13-37
201        <service
201-->[androidx.work:work-runtime:2.3.4] AndroidManifest.xml:45:9-51:35
202            android:name="androidx.work.impl.background.systemjob.SystemJobService"
202-->[androidx.work:work-runtime:2.3.4] AndroidManifest.xml:46:13-84
203            android:directBootAware="false"
203-->[androidx.work:work-runtime:2.3.4] AndroidManifest.xml:47:13-44
204            android:enabled="@bool/enable_system_job_service_default"
204-->[androidx.work:work-runtime:2.3.4] AndroidManifest.xml:48:13-70
205            android:exported="true"
205-->[androidx.work:work-runtime:2.3.4] AndroidManifest.xml:49:13-36
206            android:permission="android.permission.BIND_JOB_SERVICE" />
206-->[androidx.work:work-runtime:2.3.4] AndroidManifest.xml:50:13-69
207        <service
207-->[androidx.work:work-runtime:2.3.4] AndroidManifest.xml:52:9-57:35
208            android:name="androidx.work.impl.foreground.SystemForegroundService"
208-->[androidx.work:work-runtime:2.3.4] AndroidManifest.xml:53:13-81
209            android:directBootAware="false"
209-->[androidx.work:work-runtime:2.3.4] AndroidManifest.xml:54:13-44
210            android:enabled="@bool/enable_system_foreground_service_default"
210-->[androidx.work:work-runtime:2.3.4] AndroidManifest.xml:55:13-77
211            android:exported="false" />
211-->[androidx.work:work-runtime:2.3.4] AndroidManifest.xml:56:13-37
212
213        <receiver
213-->[androidx.work:work-runtime:2.3.4] AndroidManifest.xml:59:9-64:35
214            android:name="androidx.work.impl.utils.ForceStopRunnable$BroadcastReceiver"
214-->[androidx.work:work-runtime:2.3.4] AndroidManifest.xml:60:13-88
215            android:directBootAware="false"
215-->[androidx.work:work-runtime:2.3.4] AndroidManifest.xml:61:13-44
216            android:enabled="true"
216-->[androidx.work:work-runtime:2.3.4] AndroidManifest.xml:62:13-35
217            android:exported="false" />
217-->[androidx.work:work-runtime:2.3.4] AndroidManifest.xml:63:13-37
218        <receiver
218-->[androidx.work:work-runtime:2.3.4] AndroidManifest.xml:65:9-75:20
219            android:name="androidx.work.impl.background.systemalarm.ConstraintProxy$BatteryChargingProxy"
219-->[androidx.work:work-runtime:2.3.4] AndroidManifest.xml:66:13-106
220            android:directBootAware="false"
220-->[androidx.work:work-runtime:2.3.4] AndroidManifest.xml:67:13-44
221            android:enabled="false"
221-->[androidx.work:work-runtime:2.3.4] AndroidManifest.xml:68:13-36
222            android:exported="false" >
222-->[androidx.work:work-runtime:2.3.4] AndroidManifest.xml:69:13-37
223            <intent-filter>
223-->[androidx.work:work-runtime:2.3.4] AndroidManifest.xml:71:13-74:29
224                <action android:name="android.intent.action.ACTION_POWER_CONNECTED" />
224-->[androidx.work:work-runtime:2.3.4] AndroidManifest.xml:72:17-87
224-->[androidx.work:work-runtime:2.3.4] AndroidManifest.xml:72:25-84
225                <action android:name="android.intent.action.ACTION_POWER_DISCONNECTED" />
225-->[androidx.work:work-runtime:2.3.4] AndroidManifest.xml:73:17-90
225-->[androidx.work:work-runtime:2.3.4] AndroidManifest.xml:73:25-87
226            </intent-filter>
227        </receiver>
228        <receiver
228-->[androidx.work:work-runtime:2.3.4] AndroidManifest.xml:76:9-86:20
229            android:name="androidx.work.impl.background.systemalarm.ConstraintProxy$BatteryNotLowProxy"
229-->[androidx.work:work-runtime:2.3.4] AndroidManifest.xml:77:13-104
230            android:directBootAware="false"
230-->[androidx.work:work-runtime:2.3.4] AndroidManifest.xml:78:13-44
231            android:enabled="false"
231-->[androidx.work:work-runtime:2.3.4] AndroidManifest.xml:79:13-36
232            android:exported="false" >
232-->[androidx.work:work-runtime:2.3.4] AndroidManifest.xml:80:13-37
233            <intent-filter>
233-->[androidx.work:work-runtime:2.3.4] AndroidManifest.xml:82:13-85:29
234                <action android:name="android.intent.action.BATTERY_OKAY" />
234-->[androidx.work:work-runtime:2.3.4] AndroidManifest.xml:83:17-77
234-->[androidx.work:work-runtime:2.3.4] AndroidManifest.xml:83:25-74
235                <action android:name="android.intent.action.BATTERY_LOW" />
235-->[androidx.work:work-runtime:2.3.4] AndroidManifest.xml:84:17-76
235-->[androidx.work:work-runtime:2.3.4] AndroidManifest.xml:84:25-73
236            </intent-filter>
237        </receiver>
238        <receiver
238-->[androidx.work:work-runtime:2.3.4] AndroidManifest.xml:87:9-97:20
239            android:name="androidx.work.impl.background.systemalarm.ConstraintProxy$StorageNotLowProxy"
239-->[androidx.work:work-runtime:2.3.4] AndroidManifest.xml:88:13-104
240            android:directBootAware="false"
240-->[androidx.work:work-runtime:2.3.4] AndroidManifest.xml:89:13-44
241            android:enabled="false"
241-->[androidx.work:work-runtime:2.3.4] AndroidManifest.xml:90:13-36
242            android:exported="false" >
242-->[androidx.work:work-runtime:2.3.4] AndroidManifest.xml:91:13-37
243            <intent-filter>
243-->[androidx.work:work-runtime:2.3.4] AndroidManifest.xml:93:13-96:29
244                <action android:name="android.intent.action.DEVICE_STORAGE_LOW" />
244-->[androidx.work:work-runtime:2.3.4] AndroidManifest.xml:94:17-83
244-->[androidx.work:work-runtime:2.3.4] AndroidManifest.xml:94:25-80
245                <action android:name="android.intent.action.DEVICE_STORAGE_OK" />
245-->[androidx.work:work-runtime:2.3.4] AndroidManifest.xml:95:17-82
245-->[androidx.work:work-runtime:2.3.4] AndroidManifest.xml:95:25-79
246            </intent-filter>
247        </receiver>
248        <receiver
248-->[androidx.work:work-runtime:2.3.4] AndroidManifest.xml:98:9-107:20
249            android:name="androidx.work.impl.background.systemalarm.ConstraintProxy$NetworkStateProxy"
249-->[androidx.work:work-runtime:2.3.4] AndroidManifest.xml:99:13-103
250            android:directBootAware="false"
250-->[androidx.work:work-runtime:2.3.4] AndroidManifest.xml:100:13-44
251            android:enabled="false"
251-->[androidx.work:work-runtime:2.3.4] AndroidManifest.xml:101:13-36
252            android:exported="false" >
252-->[androidx.work:work-runtime:2.3.4] AndroidManifest.xml:102:13-37
253            <intent-filter>
253-->[androidx.work:work-runtime:2.3.4] AndroidManifest.xml:104:13-106:29